<?xml version="1.0" encoding="UTF-8"?>
<testsuite xmlns:xsi="http://www.w3.org/2001/XMLSchema-instance" xsi:noNamespaceSchemaLocation="https://maven.apache.org/surefire/maven-surefire-plugin/xsd/surefire-test-report.xsd" name="cucumberOptions.TestRunner" time="0.994" tests="50" errors="0" skipped="43" failures="0">
  <properties>
[...]
</properties>
  <testcase name="Given User is on landing page" classname="Scenario: Home Page default Login" time="0">
    <skipped/>
    <system-out><![CDATA[Feature: Application Login
]]></system-out>
  </testcase>
  <testcase name="Given User is on landing page" classname="Scenario: Home Page default Login" time="0">
    <skipped/>
    <system-out><![CDATA[
  @WebTest
  Scenario: Home Page default Login                               # Account.feature:5
    Given User is on landing page                                 # stepDefination.user_is_on_landing_page()
    When User is login into application with "shobhit" and "1234" # stepDefination.user_is_login_into_application_with_something_and_something(String,String)
    Then Home Page is populated                                   # stepDefination.home_page_is_populated()
    And Cards displayed "true"                                    # stepDefination.cards_displayed_something(String)
]]></system-out>
  </testcase>
  <testcase name="Given User is on landing page" classname="Scenario: Home Page default Login" time="0">
    <skipped/>
    <system-out><![CDATA[
  Background:                        # Login.feature:3
    Given Validate the browser       # stepDefination.validate_the_browser()
    When Browser is triggered        # stepDefination.browser_is_triggered()
    Then check if browser is started # stepDefination.check_if_browser_is_started()
]]></system-out>
  </testcase>
  <testcase name="Given User is on landing page" classname="Scenario: Home Page default Login" time="0">
    <skipped/>
    <system-out><![CDATA[
  Background:                        # Login.feature:3
    Given Validate the browser       # stepDefination.validate_the_browser()
    When Browser is triggered        # stepDefination.browser_is_triggered()
    Then check if browser is started # stepDefination.check_if_browser_is_started()
]]></system-out>
  </testcase>
  <testcase name="Given User is on landing page" classname="Scenario: Home Page default Login" time="0">
    <skipped/>
    <system-out><![CDATA[
  Background:                        # Login.feature:3
    Given Validate the browser       # stepDefination.validate_the_browser()
    When Browser is triggered        # stepDefination.browser_is_triggered()
    Then check if browser is started # stepDefination.check_if_browser_is_started()
]]></system-out>
  </testcase>
  <testcase name="When User is login into application with &quot;shobhit&quot; and &quot;1234&quot;" classname="Scenario: Home Page default Login" time="0">
    <skipped/>
  </testcase>
  <testcase name="When User is login into application with &quot;shobhit&quot; and &quot;1234&quot;" classname="Scenario: Home Page default Login" time="0">
    <skipped/>
  </testcase>
  <testcase name="Then Home Page is populated" classname="Scenario: Home Page default Login" time="0">
    <skipped/>
  </testcase>
  <testcase name="Then Home Page is populated" classname="Scenario: Home Page default Login" time="0">
    <skipped/>
  </testcase>
  <testcase name="Then Home Page is populated" classname="Scenario: Home Page default Login" time="0">
    <skipped/>
  </testcase>
  <testcase name="Then Home Page is populated" classname="Scenario: Home Page default Login" time="0">
    <skipped/>
  </testcase>
  <testcase name="Then Home Page is populated" classname="Scenario: Home Page default Login" time="0">
    <skipped/>
  </testcase>
  <testcase name="And Cards displayed &quot;true&quot;" classname="Scenario: Home Page default Login" time="0">
    <skipped/>
  </testcase>
  <testcase name="And Cards displayed &quot;true&quot;" classname="Scenario: Home Page default Login" time="0">
    <skipped/>
  </testcase>
  <testcase name="Scenario: Home Page default Login" classname="Scenario: Home Page default Login" time="0.012"/>
  <testcase name="Scenario: Home Page default Login" classname="Scenario: Home Page default Login" time="0.055"/>
  <testcase name="Scenario: Home Page default Login" classname="Scenario: Home Page default Login" time="0.024"/>
  <testcase name="Scenario: Home Page default Login" classname="Scenario: Home Page default Login" time="0.071"/>
  <testcase name="Scenario: Home Page default Login" classname="Scenario: Home Page default Login" time="0.058"/>
  <testcase name="When User is login into application with &quot;jin&quot; and &quot;1234&quot;" classname="Scenario: Home Page default Login" time="0">
    <skipped/>
  </testcase>
  <testcase name="When User is login into application with &quot;jin&quot; and &quot;1234&quot;" classname="Scenario: Home Page default Login" time="0">
    <skipped/>
  </testcase>
  <testcase name="And Cards displayed &quot;false&quot;" classname="Scenario: Home Page default Login" time="0">
    <skipped/>
  </testcase>
  <testcase name="And Cards displayed &quot;false&quot;" classname="Scenario: Home Page default Login" time="0">
    <skipped/>
  </testcase>
  <testcase name="And Cards displayed &quot;false&quot;" classname="Scenario: Home Page default Login" time="0">
    <skipped/>
  </testcase>
  <testcase name="Given Validate the browser" classname="Scenario: Home Page default Login" time="0">
    <skipped/>
    <system-out><![CDATA[
  @MobileTest
  Scenario: Home Page default Login                           # Account.feature:12
    Given User is on landing page                             # stepDefination.user_is_on_landing_page()
    When User is login into application with "jin" and "1234" # stepDefination.user_is_login_into_application_with_something_and_something(String,String)
    Then Home Page is populated                               # stepDefination.home_page_is_populated()
    And Cards displayed "false"                               # stepDefination.cards_displayed_something(String)
Feature: Portal Login
]]></system-out>
  </testcase>
  <testcase name="Given Validate the browser" classname="Scenario: Home Page default Login" time="0">
    <skipped/>
    <system-out><![CDATA[
  @PortalTest
  Scenario: Home Page default Login                               # Login.feature:9
    Given User is on landing page                                 # stepDefination.user_is_on_landing_page()
    When User is login into application with "shobhit" and "1234" # stepDefination.user_is_login_into_application_with_something_and_something(String,String)
    Then Home Page is populated                                   # stepDefination.home_page_is_populated()
    And Cards displayed "true"                                    # stepDefination.cards_displayed_something(String)
]]></system-out>
  </testcase>
  <testcase name="Given Validate the browser" classname="Scenario: Home Page default Login" time="0">
    <skipped/>
    <system-out><![CDATA[
  @PortalTest
  Scenario Outline: Home Page default Login               # Login.feature:32
    Given User is on landing page                         # stepDefination.user_is_on_landing_page()
    When User is login in to application with xyz and 456 # stepDefination.user_is_login_in_to_application_with_and(String,String)
    Then Home Page is populated                           # stepDefination.home_page_is_populated()
    And Cards displayed "false"                           # stepDefination.cards_displayed_something(String)
]]></system-out>
  </testcase>
  <testcase name="When Browser is triggered" classname="Scenario: Home Page default Login" time="0">
    <skipped/>
  </testcase>
  <testcase name="When Browser is triggered" classname="Scenario: Home Page default Login" time="0">
    <skipped/>
  </testcase>
  <testcase name="When Browser is triggered" classname="Scenario: Home Page default Login" time="0">
    <skipped/>
  </testcase>
  <testcase name="Then check if browser is started" classname="Scenario: Home Page default Login" time="0">
    <skipped/>
  </testcase>
  <testcase name="Then check if browser is started" classname="Scenario: Home Page default Login" time="0">
    <skipped/>
  </testcase>
  <testcase name="Then check if browser is started" classname="Scenario: Home Page default Login" time="0">
    <skipped/>
  </testcase>
  <testcase name="Given Validate the browser" classname="| abc | 123 |" time="0">
    <skipped/>
    <system-out><![CDATA[
  @PortalTest
  Scenario: Home Page default Login                           # Login.feature:16
    Given User is on landing page                             # stepDefination.user_is_on_landing_page()
    When User is login into application with "jin" and "1234" # stepDefination.user_is_login_into_application_with_something_and_something(String,String)
    Then Home Page is populated                               # stepDefination.home_page_is_populated()
    And Cards displayed "false"                               # stepDefination.cards_displayed_something(String)

  @PortalTest
  Scenario Outline: Home Page default Login                             # Login.feature:23
    Given User is on landing page
    When User is login in to application with <username> and <password>
    Then Home Page is populated
    And Cards displayed "false"

    Examples: 
]]></system-out>
  </testcase>
  <testcase name="When Browser is triggered" classname="| abc | 123 |" time="0">
    <skipped/>
  </testcase>
  <testcase name="Then check if browser is started" classname="| abc | 123 |" time="0">
    <skipped/>
  </testcase>
  <testcase name="Given User is on landing page" classname="| abc | 123 |" time="0">
    <skipped/>
    <system-out><![CDATA[
  Background:                        # Login.feature:3
    Given Validate the browser       # stepDefination.validate_the_browser()
    When Browser is triggered        # stepDefination.browser_is_triggered()
    Then check if browser is started # stepDefination.check_if_browser_is_started()
]]></system-out>
  </testcase>
  <testcase name="When User is login in to application with abc and 123" classname="| abc | 123 |" time="0">
    <skipped/>
  </testcase>
  <testcase name="Then Home Page is populated" classname="| abc | 123 |" time="0">
    <skipped/>
  </testcase>
  <testcase name="And Cards displayed &quot;false&quot;" classname="| abc | 123 |" time="0">
    <skipped/>
  </testcase>
  <testcase name="| abc | 123 |" classname="| abc | 123 |" time="0.018"/>
  <testcase name="Given Validate the browser" classname="| xyz | 456 |" time="0">
    <skipped/>
    <system-out><![CDATA[
  @PortalTest
  Scenario Outline: Home Page default Login               # Login.feature:31
    Given User is on landing page                         # stepDefination.user_is_on_landing_page()
    When User is login in to application with abc and 123 # stepDefination.user_is_login_in_to_application_with_and(String,String)
    Then Home Page is populated                           # stepDefination.home_page_is_populated()
    And Cards displayed "false"                           # stepDefination.cards_displayed_something(String)
]]></system-out>
  </testcase>
  <testcase name="When Browser is triggered" classname="| xyz | 456 |" time="0">
    <skipped/>
  </testcase>
  <testcase name="Then check if browser is started" classname="| xyz | 456 |" time="0">
    <skipped/>
  </testcase>
  <testcase name="Given User is on landing page" classname="| xyz | 456 |" time="0">
    <skipped/>
    <system-out><![CDATA[
  Background:                        # Login.feature:3
    Given Validate the browser       # stepDefination.validate_the_browser()
    When Browser is triggered        # stepDefination.browser_is_triggered()
    Then check if browser is started # stepDefination.check_if_browser_is_started()
]]></system-out>
  </testcase>
  <testcase name="When User is login in to application with xyz and 456" classname="| xyz | 456 |" time="0">
    <skipped/>
  </testcase>
  <testcase name="Then Home Page is populated" classname="| xyz | 456 |" time="0">
    <skipped/>
  </testcase>
  <testcase name="And Cards displayed &quot;false&quot;" classname="| xyz | 456 |" time="0">
    <skipped/>
  </testcase>
  <testcase name="| xyz | 456 |" classname="| xyz | 456 |" time="0.065"/>
  <testcase name="When User sign up with following details" classname="Scenario: Home Page default Login" time="0">
    <skipped/>
  </testcase>
</testsuite>